<?xml version="1.0" encoding="UTF-8"?>
<testng-results skipped="0" failed="0" ignored="0" total="5" passed="5">
  <reporter-output>
  </reporter-output>
  <suite name="All Test Suite" duration-ms="60937" started-at="2017-12-01T02:09:51Z" finished-at="2017-12-01T02:10:52Z">
    <groups>
    </groups>
    <test name="D:/workspace/JD/src/test/java/Case/Login.java" duration-ms="60937" started-at="2017-12-01T02:09:51Z" finished-at="2017-12-01T02:10:52Z">
      <class name="Basic.Login.Login">
        <test-method status="PASS" signature="login()[pri:0, instance:Basic.Login.Login@2c8d66b2]" name="login" duration-ms="29925" started-at="2017-12-01T10:10:22Z" finished-at="2017-12-01T10:10:52Z">
          <reporter-output>
          </reporter-output>
        </test-method> <!-- login -->
      </class> <!-- Basic.Login.Login -->
      <class name="Case.UserInfo">
        <test-method status="PASS" signature="init()[pri:0, instance:Case.UserInfo@7dc36524]" name="init" is-config="true" duration-ms="5883" started-at="2017-12-01T10:10:03Z" finished-at="2017-12-01T10:10:09Z">
          <reporter-output>
          </reporter-output>
        </test-method> <!-- init -->
        <test-method status="PASS" signature="selectAllHobby()[pri:0, instance:Case.UserInfo@7dc36524]" name="selectAllHobby" duration-ms="3236" started-at="2017-12-01T10:10:09Z" finished-at="2017-12-01T10:10:12Z">
          <reporter-output>
          </reporter-output>
        </test-method> <!-- selectAllHobby -->
        <test-method status="PASS" signature="setMoreInfo()[pri:0, instance:Case.UserInfo@7dc36524]" name="setMoreInfo" duration-ms="2437" started-at="2017-12-01T10:10:12Z" finished-at="2017-12-01T10:10:15Z">
          <reporter-output>
          </reporter-output>
        </test-method> <!-- setMoreInfo -->
      </class> <!-- Case.UserInfo -->
      <class name="Basic.Info.PersonInfo">
        <test-method status="PASS" signature="init()[pri:0, instance:Basic.Info.PersonInfo@35bbe5e8]" name="init" is-config="true" duration-ms="5717" started-at="2017-12-01T10:10:15Z" finished-at="2017-12-01T10:10:20Z">
          <reporter-output>
          </reporter-output>
        </test-method> <!-- init -->
        <test-method status="PASS" signature="testcookie()[pri:0, instance:Basic.Info.PersonInfo@35bbe5e8]" name="testcookie" duration-ms="1941" started-at="2017-12-01T10:10:20Z" finished-at="2017-12-01T10:10:22Z">
          <reporter-output>
          </reporter-output>
        </test-method> <!-- testcookie -->
      </class> <!-- Basic.Info.PersonInfo -->
      <class name="Case.Login">
        <test-method status="PASS" signature="init()[pri:0, instance:Case.Login@7d417077]" name="init" is-config="true" duration-ms="6976" started-at="2017-12-01T10:09:51Z" finished-at="2017-12-01T10:09:58Z">
          <reporter-output>
          </reporter-output>
        </test-method> <!-- init -->
        <test-method status="PASS" signature="testLogin()[pri:0, instance:Case.Login@7d417077]" name="testLogin" duration-ms="4804" started-at="2017-12-01T10:09:58Z" finished-at="2017-12-01T10:10:03Z">
          <reporter-output>
          </reporter-output>
        </test-method> <!-- testLogin -->
      </class> <!-- Case.Login -->
    </test> <!-- D:/workspace/JD/src/test/java/Case/Login.java -->
  </suite> <!-- All Test Suite -->
</testng-results>
